<?xml version="1.0" encoding="UTF-8"?>
<testsuite name="com.jojoldu.book.springboot.web.HelloControllerTest" tests="2" skipped="0" failures="0" errors="0" timestamp="2024-03-17T14:10:11" hostname="DESKTOP-G932002" time="0.167">
  <properties/>
  <testcase name="hello가_리턴된다()" classname="com.jojoldu.book.springboot.web.HelloControllerTest" time="0.074"/>
  <testcase name="helloDto가_리턴된다()" classname="com.jojoldu.book.springboot.web.HelloControllerTest" time="0.092"/>
  <system-out><![CDATA[2024-03-17 23:10:10.768  INFO 26384 --- [    Test worker] .b.t.a.w.s.WebMvcTestContextBootstrapper : Neither @ContextConfiguration nor @ContextHierarchy found for test class [com.jojoldu.book.springboot.web.HelloControllerTest], using SpringBootContextLoader
2024-03-17 23:10:10.769  INFO 26384 --- [    Test worker] o.s.t.c.support.AbstractContextLoader    : Could not detect default resource locations for test class [com.jojoldu.book.springboot.web.HelloControllerTest]: no resource found for suffixes {-context.xml, Context.groovy}.
2024-03-17 23:10:10.770  INFO 26384 --- [    Test worker] t.c.s.AnnotationConfigContextLoaderUtils : Could not detect default configuration classes for test class [com.jojoldu.book.springboot.web.HelloControllerTest]: HelloControllerTest does not declare any static, non-private, non-final, nested classes annotated with @Configuration.
2024-03-17 23:10:10.797  INFO 26384 --- [    Test worker] .b.t.c.SpringBootTestContextBootstrapper : Found @SpringBootConfiguration com.jojoldu.book.springboot.Application for test class com.jojoldu.book.springboot.web.HelloControllerTest
2024-03-17 23:10:10.798  INFO 26384 --- [    Test worker] .b.t.a.w.s.WebMvcTestContextBootstrapper : Loaded default TestExecutionListener class names from location [META-INF/spring.factories]: [org.springframework.security.test.context.support.WithSecurityContextTestExecutionListener, org.springframework.security.test.context.support.ReactorContextTestExecutionListener, org.springframework.boot.test.autoconfigure.restdocs.RestDocsTestExecutionListener, org.springframework.boot.test.autoconfigure.web.client.MockRestServiceServerResetTestExecutionListener, org.springframework.boot.test.autoconfigure.web.servlet.MockMvcPrintOnlyOnFailureTestExecutionListener, org.springframework.boot.test.autoconfigure.web.servlet.WebDriverTestExecutionListener, org.springframework.boot.test.autoconfigure.webservices.client.MockWebServiceServerTestExecutionListener, org.springframework.boot.test.mock.mockito.MockitoTestExecutionListener, org.springframework.boot.test.mock.mockito.ResetMocksTestExecutionListener, org.springframework.test.context.web.ServletTestExecutionListener, org.springframework.test.context.support.DirtiesContextBeforeModesTestExecutionListener, org.springframework.test.context.support.DependencyInjectionTestExecutionListener, org.springframework.test.context.support.DirtiesContextTestExecutionListener, org.springframework.test.context.transaction.TransactionalTestExecutionListener, org.springframework.test.context.jdbc.SqlScriptsTestExecutionListener, org.springframework.test.context.event.EventPublishingTestExecutionListener]
2024-03-17 23:10:10.800  INFO 26384 --- [    Test worker] .b.t.a.w.s.WebMvcTestContextBootstrapper : Using TestExecutionListeners: [org.springframework.test.context.web.ServletTestExecutionListener@14837732, org.springframework.test.context.support.DirtiesContextBeforeModesTestExecutionListener@19dc1ac4, org.springframework.boot.test.mock.mockito.MockitoTestExecutionListener@67147735, org.springframework.boot.test.autoconfigure.SpringBootDependencyInjectionTestExecutionListener@4b005b0b, org.springframework.test.context.support.DirtiesContextTestExecutionListener@44359fbe, org.springframework.test.context.transaction.TransactionalTestExecutionListener@3d46b7c6, org.springframework.test.context.jdbc.SqlScriptsTestExecutionListener@79afd284, org.springframework.security.test.context.support.WithSecurityContextTestExecutionListener@30be16b9, org.springframework.test.context.event.EventPublishingTestExecutionListener@581eb77f, org.springframework.security.test.context.support.ReactorContextTestExecutionListener@506ec33d, org.springframework.boot.test.autoconfigure.restdocs.RestDocsTestExecutionListener@57d21046, org.springframework.boot.test.autoconfigure.web.client.MockRestServiceServerResetTestExecutionListener@1719cfdb, org.springframework.boot.test.autoconfigure.web.servlet.MockMvcPrintOnlyOnFailureTestExecutionListener@3a113708, org.springframework.boot.test.autoconfigure.web.servlet.WebDriverTestExecutionListener@1cc06c5c, org.springframework.boot.test.autoconfigure.webservices.client.MockWebServiceServerTestExecutionListener@5b570fa2, org.springframework.boot.test.mock.mockito.ResetMocksTestExecutionListener@2697404]

  .   ____          _            __ _ _
 /\\ / ___'_ __ _ _(_)_ __  __ _ \ \ \ \
( ( )\___ | '_ | '_| | '_ \/ _` | \ \ \ \
 \\/  ___)| |_)| | | | | || (_| |  ) ) ) )
  '  |____| .__|_| |_|_| |_\__, | / / / /
 =========|_|==============|___/=/_/_/_/
 :: Spring Boot ::                (v2.4.1)

2024-03-17 23:10:10.831  INFO 26384 --- [    Test worker] c.j.b.s.web.HelloControllerTest          : Starting HelloControllerTest using Java 11.0.13 on DESKTOP-G932002 with PID 26384 (started by sunguk in C:\Users\sunguk\IdeaProjects\freelec-springboot2-webservice)
2024-03-17 23:10:10.832  INFO 26384 --- [    Test worker] c.j.b.s.web.HelloControllerTest          : No active profile set, falling back to default profiles: default
2024-03-17 23:10:11.209  INFO 26384 --- [    Test worker] o.s.s.concurrent.ThreadPoolTaskExecutor  : Initializing ExecutorService 'applicationTaskExecutor'
2024-03-17 23:10:11.237  INFO 26384 --- [    Test worker] o.s.b.a.w.s.WelcomePageHandlerMapping    : Adding welcome page template: index
2024-03-17 23:10:11.531  INFO 26384 --- [    Test worker] o.s.s.web.DefaultSecurityFilterChain     : Will secure any request with [org.springframework.security.web.context.request.async.WebAsyncManagerIntegrationFilter@2b3fa11b, org.springframework.security.web.context.SecurityContextPersistenceFilter@33af042f, org.springframework.security.web.header.HeaderWriterFilter@525258a, org.springframework.security.web.csrf.CsrfFilter@43f02c20, org.springframework.security.web.authentication.logout.LogoutFilter@704ab4ec, org.springframework.security.oauth2.client.web.OAuth2AuthorizationRequestRedirectFilter@4dc2c3f4, org.springframework.security.oauth2.client.web.OAuth2AuthorizationRequestRedirectFilter@29110a0f, org.springframework.security.oauth2.client.web.OAuth2LoginAuthenticationFilter@66e28ce, org.springframework.security.web.authentication.ui.DefaultLoginPageGeneratingFilter@79551b30, org.springframework.security.web.authentication.ui.DefaultLogoutPageGeneratingFilter@5cbe58fa, org.springframework.security.web.savedrequest.RequestCacheAwareFilter@40a927e2, org.springframework.security.web.servletapi.SecurityContextHolderAwareRequestFilter@6c0c4308, org.springframework.security.web.authentication.AnonymousAuthenticationFilter@270cfc85, org.springframework.security.oauth2.client.web.OAuth2AuthorizationCodeGrantFilter@329d379c, org.springframework.security.web.session.SessionManagementFilter@16083b9c, org.springframework.security.web.access.ExceptionTranslationFilter@47769068, org.springframework.security.web.access.intercept.FilterSecurityInterceptor@429a972d]
2024-03-17 23:10:11.624  INFO 26384 --- [    Test worker] o.s.b.t.m.w.SpringBootMockServletContext : Initializing Spring TestDispatcherServlet ''
2024-03-17 23:10:11.625  INFO 26384 --- [    Test worker] o.s.t.web.servlet.TestDispatcherServlet  : Initializing Servlet ''
2024-03-17 23:10:11.625  INFO 26384 --- [    Test worker] o.s.t.web.servlet.TestDispatcherServlet  : Completed initialization in 0 ms
2024-03-17 23:10:11.637  INFO 26384 --- [    Test worker] c.j.b.s.web.HelloControllerTest          : Started HelloControllerTest in 0.834 seconds (JVM running for 8.396)
]]></system-out>
  <system-err><![CDATA[]]></system-err>
</testsuite>
