<?xml version="1.0" encoding="UTF-8"?>
<testsuite name="com.jojoldu.book.springboot.domain.posts.PostsRepositoryTest" tests="2" skipped="0" failures="0" errors="0" timestamp="2024-04-10T14:04:49" hostname="jangseong-uk-ui-MacBookAir.local" time="0.02">
  <properties/>
  <testcase name="게시글저장_불러오기()" classname="com.jojoldu.book.springboot.domain.posts.PostsRepositoryTest" time="0.012"/>
  <testcase name="BaseTimeEntity_등록()" classname="com.jojoldu.book.springboot.domain.posts.PostsRepositoryTest" time="0.007"/>
  <system-out><![CDATA[2024-04-10 23:04:48.736  INFO 3197 --- [    Test worker] .b.t.c.SpringBootTestContextBootstrapper : Neither @ContextConfiguration nor @ContextHierarchy found for test class [com.jojoldu.book.springboot.domain.posts.PostsRepositoryTest], using SpringBootContextLoader
2024-04-10 23:04:48.737  INFO 3197 --- [    Test worker] o.s.t.c.support.AbstractContextLoader    : Could not detect default resource locations for test class [com.jojoldu.book.springboot.domain.posts.PostsRepositoryTest]: no resource found for suffixes {-context.xml, Context.groovy}.
2024-04-10 23:04:48.737  INFO 3197 --- [    Test worker] t.c.s.AnnotationConfigContextLoaderUtils : Could not detect default configuration classes for test class [com.jojoldu.book.springboot.domain.posts.PostsRepositoryTest]: PostsRepositoryTest does not declare any static, non-private, non-final, nested classes annotated with @Configuration.
2024-04-10 23:04:48.739  INFO 3197 --- [    Test worker] .b.t.c.SpringBootTestContextBootstrapper : Found @SpringBootConfiguration com.jojoldu.book.springboot.Application for test class com.jojoldu.book.springboot.domain.posts.PostsRepositoryTest
2024-04-10 23:04:48.740  INFO 3197 --- [    Test worker] .b.t.c.SpringBootTestContextBootstrapper : Loaded default TestExecutionListener class names from location [META-INF/spring.factories]: [org.springframework.security.test.context.support.WithSecurityContextTestExecutionListener, org.springframework.security.test.context.support.ReactorContextTestExecutionListener, org.springframework.boot.test.autoconfigure.restdocs.RestDocsTestExecutionListener, org.springframework.boot.test.autoconfigure.web.client.MockRestServiceServerResetTestExecutionListener, org.springframework.boot.test.autoconfigure.web.servlet.MockMvcPrintOnlyOnFailureTestExecutionListener, org.springframework.boot.test.autoconfigure.web.servlet.WebDriverTestExecutionListener, org.springframework.boot.test.autoconfigure.webservices.client.MockWebServiceServerTestExecutionListener, org.springframework.boot.test.mock.mockito.MockitoTestExecutionListener, org.springframework.boot.test.mock.mockito.ResetMocksTestExecutionListener, org.springframework.test.context.web.ServletTestExecutionListener, org.springframework.test.context.support.DirtiesContextBeforeModesTestExecutionListener, org.springframework.test.context.support.DependencyInjectionTestExecutionListener, org.springframework.test.context.support.DirtiesContextTestExecutionListener, org.springframework.test.context.transaction.TransactionalTestExecutionListener, org.springframework.test.context.jdbc.SqlScriptsTestExecutionListener, org.springframework.test.context.event.EventPublishingTestExecutionListener]
2024-04-10 23:04:48.740  INFO 3197 --- [    Test worker] .b.t.c.SpringBootTestContextBootstrapper : Using TestExecutionListeners: [org.springframework.test.context.web.ServletTestExecutionListener@69f5afe6, org.springframework.test.context.support.DirtiesContextBeforeModesTestExecutionListener@4a736b90, org.springframework.boot.test.mock.mockito.MockitoTestExecutionListener@43efe73a, org.springframework.boot.test.autoconfigure.SpringBootDependencyInjectionTestExecutionListener@482d29a5, org.springframework.test.context.support.DirtiesContextTestExecutionListener@c6335d9, org.springframework.test.context.transaction.TransactionalTestExecutionListener@5d1de02e, org.springframework.test.context.jdbc.SqlScriptsTestExecutionListener@61f71a80, org.springframework.security.test.context.support.WithSecurityContextTestExecutionListener@40b6671a, org.springframework.test.context.event.EventPublishingTestExecutionListener@55ee4f28, org.springframework.security.test.context.support.ReactorContextTestExecutionListener@67c0c92b, org.springframework.boot.test.autoconfigure.restdocs.RestDocsTestExecutionListener@3ebafc49, org.springframework.boot.test.autoconfigure.web.client.MockRestServiceServerResetTestExecutionListener@4d47c233, org.springframework.boot.test.autoconfigure.web.servlet.MockMvcPrintOnlyOnFailureTestExecutionListener@6af753bc, org.springframework.boot.test.autoconfigure.web.servlet.WebDriverTestExecutionListener@b1f4658, org.springframework.boot.test.autoconfigure.webservices.client.MockWebServiceServerTestExecutionListener@62aeabc6, org.springframework.boot.test.mock.mockito.ResetMocksTestExecutionListener@118bbbfa]

  .   ____          _            __ _ _
 /\\ / ___'_ __ _ _(_)_ __  __ _ \ \ \ \
( ( )\___ | '_ | '_| | '_ \/ _` | \ \ \ \
 \\/  ___)| |_)| | | | | || (_| |  ) ) ) )
  '  |____| .__|_| |_|_| |_\__, | / / / /
 =========|_|==============|___/=/_/_/_/
 :: Spring Boot ::                (v2.4.1)

2024-04-10 23:04:48.747  INFO 3197 --- [    Test worker] c.j.b.s.d.posts.PostsRepositoryTest      : Starting PostsRepositoryTest using Java 15.0.10 on jangseong-uk-ui-MacBookAir.local with PID 3197 (started by sunguk7158 in /Users/sunguk7158/Desktop/freelec-springboot2-webservice)
2024-04-10 23:04:48.747  INFO 3197 --- [    Test worker] c.j.b.s.d.posts.PostsRepositoryTest      : No active profile set, falling back to default profiles: default
2024-04-10 23:04:48.807  INFO 3197 --- [    Test worker] .s.d.r.c.RepositoryConfigurationDelegate : Bootstrapping Spring Data JPA repositories in DEFAULT mode.
2024-04-10 23:04:48.812  INFO 3197 --- [    Test worker] .s.d.r.c.RepositoryConfigurationDelegate : Finished Spring Data repository scanning in 4 ms. Found 2 JPA repository interfaces.
2024-04-10 23:04:48.881  INFO 3197 --- [    Test worker] com.zaxxer.hikari.HikariDataSource       : HikariPool-2 - Starting...
2024-04-10 23:04:48.882  INFO 3197 --- [    Test worker] com.zaxxer.hikari.HikariDataSource       : HikariPool-2 - Start completed.
2024-04-10 23:04:48.886  INFO 3197 --- [    Test worker] o.hibernate.jpa.internal.util.LogHelper  : HHH000204: Processing PersistenceUnitInfo [name: default]
2024-04-10 23:04:48.888  INFO 3197 --- [    Test worker] org.hibernate.dialect.Dialect            : HHH000400: Using dialect: org.hibernate.dialect.MySQL57Dialect
Hibernate: drop table if exists posts
Hibernate: drop table if exists user
Hibernate: create table posts (id bigint not null auto_increment, created_date datetime(6), modified_date datetime(6), author varchar(255), content TEXT not null, title varchar(500) not null, primary key (id)) engine=InnoDB
Hibernate: create table user (id bigint not null auto_increment, created_date datetime(6), modified_date datetime(6), email varchar(255) not null, name varchar(255) not null, picture varchar(255), role varchar(255) not null, primary key (id)) engine=InnoDB
2024-04-10 23:04:48.912  INFO 3197 --- [    Test worker] o.h.e.t.j.p.i.JtaPlatformInitiator       : HHH000490: Using JtaPlatform implementation: [org.hibernate.engine.transaction.jta.platform.internal.NoJtaPlatform]
2024-04-10 23:04:48.912  INFO 3197 --- [    Test worker] j.LocalContainerEntityManagerFactoryBean : Initialized JPA EntityManagerFactory for persistence unit 'default'
2024-04-10 23:04:48.950  WARN 3197 --- [    Test worker] JpaBaseConfiguration$JpaWebConfiguration : spring.jpa.open-in-view is enabled by default. Therefore, database queries may be performed during view rendering. Explicitly configure spring.jpa.open-in-view to disable this warning
2024-04-10 23:04:49.001  INFO 3197 --- [    Test worker] o.s.s.web.DefaultSecurityFilterChain     : Will secure any request with [org.springframework.security.web.context.request.async.WebAsyncManagerIntegrationFilter@22809c98, org.springframework.security.web.context.SecurityContextPersistenceFilter@2cad18b5, org.springframework.security.web.header.HeaderWriterFilter@650639d3, org.springframework.security.web.authentication.logout.LogoutFilter@76fc3198, org.springframework.security.oauth2.client.web.OAuth2AuthorizationRequestRedirectFilter@dc9c0a4, org.springframework.security.oauth2.client.web.OAuth2LoginAuthenticationFilter@7d802318, org.springframework.security.web.authentication.ui.DefaultLoginPageGeneratingFilter@182ee374, org.springframework.security.web.authentication.ui.DefaultLogoutPageGeneratingFilter@3314d414, org.springframework.security.web.savedrequest.RequestCacheAwareFilter@665863a, org.springframework.security.web.servletapi.SecurityContextHolderAwareRequestFilter@52f9ff84, org.springframework.security.web.authentication.AnonymousAuthenticationFilter@709bfe32, org.springframework.security.web.session.SessionManagementFilter@4fc0bbb4, org.springframework.security.web.access.ExceptionTranslationFilter@456de1e3, org.springframework.security.web.access.intercept.FilterSecurityInterceptor@5a897185]
2024-04-10 23:04:49.054  INFO 3197 --- [    Test worker] o.s.s.concurrent.ThreadPoolTaskExecutor  : Initializing ExecutorService 'applicationTaskExecutor'
2024-04-10 23:04:49.060  INFO 3197 --- [    Test worker] o.s.b.a.h2.H2ConsoleAutoConfiguration    : H2 console available at '/h2-console'. Database available at 'jdbc:h2:mem:testdb'
2024-04-10 23:04:49.066  INFO 3197 --- [    Test worker] o.s.b.a.w.s.WelcomePageHandlerMapping    : Adding welcome page template: index
2024-04-10 23:04:49.135  INFO 3197 --- [    Test worker] s.a.ScheduledAnnotationBeanPostProcessor : No TaskScheduler/ScheduledExecutorService bean found for scheduled processing
2024-04-10 23:04:49.135  INFO 3197 --- [    Test worker] c.j.b.s.d.posts.PostsRepositoryTest      : Started PostsRepositoryTest in 0.394 seconds (JVM running for 3.672)
Hibernate: insert into posts (created_date, modified_date, author, content, title) values (?, ?, ?, ?, ?)
Hibernate: select posts0_.id as id1_0_, posts0_.created_date as created_2_0_, posts0_.modified_date as modified3_0_, posts0_.author as author4_0_, posts0_.content as content5_0_, posts0_.title as title6_0_ from posts posts0_
Hibernate: select posts0_.id as id1_0_, posts0_.created_date as created_2_0_, posts0_.modified_date as modified3_0_, posts0_.author as author4_0_, posts0_.content as content5_0_, posts0_.title as title6_0_ from posts posts0_
Hibernate: delete from posts where id=?
Hibernate: insert into posts (created_date, modified_date, author, content, title) values (?, ?, ?, ?, ?)
Hibernate: select posts0_.id as id1_0_, posts0_.created_date as created_2_0_, posts0_.modified_date as modified3_0_, posts0_.author as author4_0_, posts0_.content as content5_0_, posts0_.title as title6_0_ from posts posts0_
>>>>>>>>> createDate=2024-04-10T23:04:49.151412, modifiedDate=2024-04-10T23:04:49.151412
Hibernate: select posts0_.id as id1_0_, posts0_.created_date as created_2_0_, posts0_.modified_date as modified3_0_, posts0_.author as author4_0_, posts0_.content as content5_0_, posts0_.title as title6_0_ from posts posts0_
Hibernate: delete from posts where id=?
]]></system-out>
  <system-err><![CDATA[]]></system-err>
</testsuite>
