<?xml version="1.0" encoding="UTF-8"?>
<testsuite name="com.jojoldu.book.springboot.web.HelloControllerTest" tests="2" skipped="0" failures="0" errors="0" timestamp="2024-04-10T14:04:46" hostname="jangseong-uk-ui-MacBookAir.local" time="0.225">
  <properties/>
  <testcase name="hello가_리턴된다()" classname="com.jojoldu.book.springboot.web.HelloControllerTest" time="0.195"/>
  <testcase name="helloDto가_리턴된다()" classname="com.jojoldu.book.springboot.web.HelloControllerTest" time="0.03"/>
  <system-out><![CDATA[23:04:45.832 [Test worker] DEBUG org.springframework.test.context.BootstrapUtils - Instantiating CacheAwareContextLoaderDelegate from class [org.springframework.test.context.cache.DefaultCacheAwareContextLoaderDelegate]
23:04:45.837 [Test worker] DEBUG org.springframework.test.context.BootstrapUtils - Instantiating BootstrapContext using constructor [public org.springframework.test.context.support.DefaultBootstrapContext(java.lang.Class,org.springframework.test.context.CacheAwareContextLoaderDelegate)]
23:04:45.853 [Test worker] DEBUG org.springframework.test.context.BootstrapUtils - Instantiating TestContextBootstrapper for test class [com.jojoldu.book.springboot.web.HelloControllerTest] from class [org.springframework.boot.test.autoconfigure.web.servlet.WebMvcTestContextBootstrapper]
23:04:45.860 [Test worker] INFO org.springframework.boot.test.autoconfigure.web.servlet.WebMvcTestContextBootstrapper - Neither @ContextConfiguration nor @ContextHierarchy found for test class [com.jojoldu.book.springboot.web.HelloControllerTest], using SpringBootContextLoader
23:04:45.862 [Test worker] DEBUG org.springframework.test.context.support.AbstractContextLoader - Did not detect default resource location for test class [com.jojoldu.book.springboot.web.HelloControllerTest]: class path resource [com/jojoldu/book/springboot/web/HelloControllerTest-context.xml] does not exist
23:04:45.862 [Test worker] DEBUG org.springframework.test.context.support.AbstractContextLoader - Did not detect default resource location for test class [com.jojoldu.book.springboot.web.HelloControllerTest]: class path resource [com/jojoldu/book/springboot/web/HelloControllerTestContext.groovy] does not exist
23:04:45.862 [Test worker] INFO org.springframework.test.context.support.AbstractContextLoader - Could not detect default resource locations for test class [com.jojoldu.book.springboot.web.HelloControllerTest]: no resource found for suffixes {-context.xml, Context.groovy}.
23:04:45.863 [Test worker] INFO org.springframework.test.context.support.AnnotationConfigContextLoaderUtils - Could not detect default configuration classes for test class [com.jojoldu.book.springboot.web.HelloControllerTest]: HelloControllerTest does not declare any static, non-private, non-final, nested classes annotated with @Configuration.
23:04:45.890 [Test worker] DEBUG org.springframework.test.context.support.ActiveProfilesUtils - Could not find an 'annotation declaring class' for annotation type [org.springframework.test.context.ActiveProfiles] and class [com.jojoldu.book.springboot.web.HelloControllerTest]
23:04:45.912 [Test worker] DEBUG org.springframework.context.annotation.ClassPathScanningCandidateComponentProvider - Identified candidate component class: file [/Users/sunguk7158/Desktop/freelec-springboot2-webservice/build/classes/java/test/com/jojoldu/book/springboot/Application.class]
23:04:45.913 [Test worker] DEBUG org.springframework.context.annotation.ClassPathScanningCandidateComponentProvider - Identified candidate component class: file [/Users/sunguk7158/Desktop/freelec-springboot2-webservice/build/classes/java/main/com/jojoldu/book/springboot/Application.class]
23:04:45.913 [Test worker] INFO org.springframework.boot.test.context.SpringBootTestContextBootstrapper - Found @SpringBootConfiguration com.jojoldu.book.springboot.Application for test class com.jojoldu.book.springboot.web.HelloControllerTest
23:04:45.914 [Test worker] DEBUG org.springframework.boot.test.autoconfigure.web.servlet.WebMvcTestContextBootstrapper - @TestExecutionListeners is not present for class [com.jojoldu.book.springboot.web.HelloControllerTest]: using defaults.
23:04:45.914 [Test worker] INFO org.springframework.boot.test.autoconfigure.web.servlet.WebMvcTestContextBootstrapper - Loaded default TestExecutionListener class names from location [META-INF/spring.factories]: [org.springframework.security.test.context.support.WithSecurityContextTestExecutionListener, org.springframework.security.test.context.support.ReactorContextTestExecutionListener, org.springframework.boot.test.autoconfigure.restdocs.RestDocsTestExecutionListener, org.springframework.boot.test.autoconfigure.web.client.MockRestServiceServerResetTestExecutionListener, org.springframework.boot.test.autoconfigure.web.servlet.MockMvcPrintOnlyOnFailureTestExecutionListener, org.springframework.boot.test.autoconfigure.web.servlet.WebDriverTestExecutionListener, org.springframework.boot.test.autoconfigure.webservices.client.MockWebServiceServerTestExecutionListener, org.springframework.boot.test.mock.mockito.MockitoTestExecutionListener, org.springframework.boot.test.mock.mockito.ResetMocksTestExecutionListener, org.springframework.test.context.web.ServletTestExecutionListener, org.springframework.test.context.support.DirtiesContextBeforeModesTestExecutionListener, org.springframework.test.context.support.DependencyInjectionTestExecutionListener, org.springframework.test.context.support.DirtiesContextTestExecutionListener, org.springframework.test.context.transaction.TransactionalTestExecutionListener, org.springframework.test.context.jdbc.SqlScriptsTestExecutionListener, org.springframework.test.context.event.EventPublishingTestExecutionListener]
23:04:45.921 [Test worker] INFO org.springframework.boot.test.autoconfigure.web.servlet.WebMvcTestContextBootstrapper - Using TestExecutionListeners: [org.springframework.test.context.web.ServletTestExecutionListener@36d47466, org.springframework.test.context.support.DirtiesContextBeforeModesTestExecutionListener@687ce262, org.springframework.boot.test.mock.mockito.MockitoTestExecutionListener@4e8aa8e0, org.springframework.boot.test.autoconfigure.SpringBootDependencyInjectionTestExecutionListener@52b2cd19, org.springframework.test.context.support.DirtiesContextTestExecutionListener@4750e46d, org.springframework.test.context.transaction.TransactionalTestExecutionListener@48b07117, org.springframework.test.context.jdbc.SqlScriptsTestExecutionListener@53660d49, org.springframework.security.test.context.support.WithSecurityContextTestExecutionListener@17f8c839, org.springframework.test.context.event.EventPublishingTestExecutionListener@574b2527, org.springframework.security.test.context.support.ReactorContextTestExecutionListener@1c38de10, org.springframework.boot.test.autoconfigure.restdocs.RestDocsTestExecutionListener@7fd7949b, org.springframework.boot.test.autoconfigure.web.client.MockRestServiceServerResetTestExecutionListener@2e3f3258, org.springframework.boot.test.autoconfigure.web.servlet.MockMvcPrintOnlyOnFailureTestExecutionListener@205358a5, org.springframework.boot.test.autoconfigure.web.servlet.WebDriverTestExecutionListener@7a41dae1, org.springframework.boot.test.autoconfigure.webservices.client.MockWebServiceServerTestExecutionListener@3971ea7e, org.springframework.boot.test.mock.mockito.ResetMocksTestExecutionListener@6e8bb2fa]
23:04:45.922 [Test worker] DEBUG org.springframework.test.context.support.AbstractDirtiesContextTestExecutionListener - Before test class: context [DefaultTestContext@34264464 testClass = HelloControllerTest, testInstance = [null], testMethod = [null], testException = [null], mergedContextConfiguration = [WebMergedContextConfiguration@27fd9b28 testClass = HelloControllerTest, locations = '{}', classes = '{class com.jojoldu.book.springboot.Application}', contextInitializerClasses = '[]', activeProfiles = '{}', propertySourceLocations = '{}', propertySourceProperties = '{org.springframework.boot.test.autoconfigure.web.servlet.WebMvcTestContextBootstrapper=true}', contextCustomizers = set[org.springframework.boot.test.autoconfigure.OverrideAutoConfigurationContextCustomizerFactory$DisableAutoConfigurationContextCustomizer@53cd457b, org.springframework.boot.test.autoconfigure.actuate.metrics.MetricsExportContextCustomizerFactory$DisableMetricExportContextCustomizer@1fb9917, org.springframework.boot.test.autoconfigure.filter.TypeExcludeFiltersContextCustomizer@f238dd0b, org.springframework.boot.test.autoconfigure.properties.PropertyMappingContextCustomizer@faf36599, org.springframework.boot.test.autoconfigure.web.servlet.WebDriverContextCustomizerFactory$Customizer@5fa8f77d, [ImportsContextCustomizer@2b22eb53 key = [org.springframework.boot.autoconfigure.cache.CacheAutoConfiguration, org.springframework.boot.autoconfigure.context.MessageSourceAutoConfiguration, org.springframework.boot.autoconfigure.data.web.SpringDataWebAutoConfiguration, org.springframework.boot.autoconfigure.freemarker.FreeMarkerAutoConfiguration, org.springframework.boot.autoconfigure.groovy.template.GroovyTemplateAutoConfiguration, org.springframework.boot.autoconfigure.gson.GsonAutoConfiguration, org.springframework.boot.autoconfigure.hateoas.HypermediaAutoConfiguration, org.springframework.boot.autoconfigure.http.HttpMessageConvertersAutoConfiguration, org.springframework.boot.autoconfigure.jackson.JacksonAutoConfiguration, org.springframework.boot.autoconfigure.jsonb.JsonbAutoConfiguration, org.springframework.boot.autoconfigure.mustache.MustacheAutoConfiguration, org.springframework.boot.autoconfigure.task.TaskExecutionAutoConfiguration, org.springframework.boot.autoconfigure.thymeleaf.ThymeleafAutoConfiguration, org.springframework.boot.autoconfigure.validation.ValidationAutoConfiguration, org.springframework.boot.autoconfigure.web.servlet.error.ErrorMvcAutoConfiguration, org.springframework.boot.autoconfigure.web.servlet.HttpEncodingAutoConfiguration, org.springframework.boot.autoconfigure.web.servlet.WebMvcAutoConfiguration, org.springframework.boot.test.autoconfigure.web.servlet.MockMvcAutoConfiguration, org.springframework.boot.test.autoconfigure.web.servlet.MockMvcWebClientAutoConfiguration, org.springframework.boot.test.autoconfigure.web.servlet.MockMvcWebDriverAutoConfiguration, org.springframework.boot.autoconfigure.security.oauth2.client.servlet.OAuth2ClientAutoConfiguration, org.springframework.boot.autoconfigure.security.oauth2.resource.servlet.OAuth2ResourceServerAutoConfiguration, org.springframework.boot.autoconfigure.security.servlet.SecurityAutoConfiguration, org.springframework.boot.autoconfigure.security.servlet.SecurityFilterAutoConfiguration, org.springframework.boot.autoconfigure.security.servlet.UserDetailsServiceAutoConfiguration, org.springframework.boot.test.autoconfigure.web.servlet.MockMvcSecurityConfiguration]], org.springframework.boot.test.context.filter.ExcludeFilterContextCustomizer@55d293b8, org.springframework.boot.test.json.DuplicateJsonObjectContextCustomizerFactory$DuplicateJsonObjectContextCustomizer@4297d3ab, org.springframework.boot.test.mock.mockito.MockitoContextCustomizer@0, org.springframework.boot.test.context.SpringBootTestArgs@1, org.springframework.boot.test.context.SpringBootTestWebEnvironment@0], resourceBasePath = 'src/main/webapp', contextLoader = 'org.springframework.boot.test.context.SpringBootContextLoader', parent = [null]], attributes = map[[empty]]], class annotated with @DirtiesContext [false] with mode [null].
23:04:45.925 [Test worker] DEBUG org.springframework.test.context.support.DependencyInjectionTestExecutionListener - Performing dependency injection for test context [[DefaultTestContext@34264464 testClass = HelloControllerTest, testInstance = com.jojoldu.book.springboot.web.HelloControllerTest@10aa1b66, testMethod = [null], testException = [null], mergedContextConfiguration = [WebMergedContextConfiguration@27fd9b28 testClass = HelloControllerTest, locations = '{}', classes = '{class com.jojoldu.book.springboot.Application}', contextInitializerClasses = '[]', activeProfiles = '{}', propertySourceLocations = '{}', propertySourceProperties = '{org.springframework.boot.test.autoconfigure.web.servlet.WebMvcTestContextBootstrapper=true}', contextCustomizers = set[org.springframework.boot.test.autoconfigure.OverrideAutoConfigurationContextCustomizerFactory$DisableAutoConfigurationContextCustomizer@53cd457b, org.springframework.boot.test.autoconfigure.actuate.metrics.MetricsExportContextCustomizerFactory$DisableMetricExportContextCustomizer@1fb9917, org.springframework.boot.test.autoconfigure.filter.TypeExcludeFiltersContextCustomizer@f238dd0b, org.springframework.boot.test.autoconfigure.properties.PropertyMappingContextCustomizer@faf36599, org.springframework.boot.test.autoconfigure.web.servlet.WebDriverContextCustomizerFactory$Customizer@5fa8f77d, [ImportsContextCustomizer@2b22eb53 key = [org.springframework.boot.autoconfigure.cache.CacheAutoConfiguration, org.springframework.boot.autoconfigure.context.MessageSourceAutoConfiguration, org.springframework.boot.autoconfigure.data.web.SpringDataWebAutoConfiguration, org.springframework.boot.autoconfigure.freemarker.FreeMarkerAutoConfiguration, org.springframework.boot.autoconfigure.groovy.template.GroovyTemplateAutoConfiguration, org.springframework.boot.autoconfigure.gson.GsonAutoConfiguration, org.springframework.boot.autoconfigure.hateoas.HypermediaAutoConfiguration, org.springframework.boot.autoconfigure.http.HttpMessageConvertersAutoConfiguration, org.springframework.boot.autoconfigure.jackson.JacksonAutoConfiguration, org.springframework.boot.autoconfigure.jsonb.JsonbAutoConfiguration, org.springframework.boot.autoconfigure.mustache.MustacheAutoConfiguration, org.springframework.boot.autoconfigure.task.TaskExecutionAutoConfiguration, org.springframework.boot.autoconfigure.thymeleaf.ThymeleafAutoConfiguration, org.springframework.boot.autoconfigure.validation.ValidationAutoConfiguration, org.springframework.boot.autoconfigure.web.servlet.error.ErrorMvcAutoConfiguration, org.springframework.boot.autoconfigure.web.servlet.HttpEncodingAutoConfiguration, org.springframework.boot.autoconfigure.web.servlet.WebMvcAutoConfiguration, org.springframework.boot.test.autoconfigure.web.servlet.MockMvcAutoConfiguration, org.springframework.boot.test.autoconfigure.web.servlet.MockMvcWebClientAutoConfiguration, org.springframework.boot.test.autoconfigure.web.servlet.MockMvcWebDriverAutoConfiguration, org.springframework.boot.autoconfigure.security.oauth2.client.servlet.OAuth2ClientAutoConfiguration, org.springframework.boot.autoconfigure.security.oauth2.resource.servlet.OAuth2ResourceServerAutoConfiguration, org.springframework.boot.autoconfigure.security.servlet.SecurityAutoConfiguration, org.springframework.boot.autoconfigure.security.servlet.SecurityFilterAutoConfiguration, org.springframework.boot.autoconfigure.security.servlet.UserDetailsServiceAutoConfiguration, org.springframework.boot.test.autoconfigure.web.servlet.MockMvcSecurityConfiguration]], org.springframework.boot.test.context.filter.ExcludeFilterContextCustomizer@55d293b8, org.springframework.boot.test.json.DuplicateJsonObjectContextCustomizerFactory$DuplicateJsonObjectContextCustomizer@4297d3ab, org.springframework.boot.test.mock.mockito.MockitoContextCustomizer@0, org.springframework.boot.test.context.SpringBootTestArgs@1, org.springframework.boot.test.context.SpringBootTestWebEnvironment@0], resourceBasePath = 'src/main/webapp', contextLoader = 'org.springframework.boot.test.context.SpringBootContextLoader', parent = [null]], attributes = map[[empty]]]].
23:04:45.935 [Test worker] DEBUG org.springframework.test.context.support.TestPropertySourceUtils - Adding inlined properties to environment: {spring.jmx.enabled=false, org.springframework.boot.test.autoconfigure.web.servlet.WebMvcTestContextBootstrapper=true}

  .   ____          _            __ _ _
 /\\ / ___'_ __ _ _(_)_ __  __ _ \ \ \ \
( ( )\___ | '_ | '_| | '_ \/ _` | \ \ \ \
 \\/  ___)| |_)| | | | | || (_| |  ) ) ) )
  '  |____| .__|_| |_|_| |_\__, | / / / /
 =========|_|==============|___/=/_/_/_/
 :: Spring Boot ::                (v2.4.1)

2024-04-10 23:04:46.068  INFO 3197 --- [    Test worker] c.j.b.s.web.HelloControllerTest          : Starting HelloControllerTest using Java 15.0.10 on jangseong-uk-ui-MacBookAir.local with PID 3197 (started by sunguk7158 in /Users/sunguk7158/Desktop/freelec-springboot2-webservice)
2024-04-10 23:04:46.070  INFO 3197 --- [    Test worker] c.j.b.s.web.HelloControllerTest          : No active profile set, falling back to default profiles: default
2024-04-10 23:04:46.565  INFO 3197 --- [    Test worker] o.s.s.concurrent.ThreadPoolTaskExecutor  : Initializing ExecutorService 'applicationTaskExecutor'
2024-04-10 23:04:46.609  INFO 3197 --- [    Test worker] o.s.b.a.w.s.WelcomePageHandlerMapping    : Adding welcome page template: index
2024-04-10 23:04:46.777  INFO 3197 --- [    Test worker] o.s.s.web.DefaultSecurityFilterChain     : Will secure any request with [org.springframework.security.web.context.request.async.WebAsyncManagerIntegrationFilter@3b01f61a, org.springframework.security.web.context.SecurityContextPersistenceFilter@7e876489, org.springframework.security.web.header.HeaderWriterFilter@66e83a26, org.springframework.security.web.csrf.CsrfFilter@2cd9b487, org.springframework.security.web.authentication.logout.LogoutFilter@7fded8cd, org.springframework.security.oauth2.client.web.OAuth2AuthorizationRequestRedirectFilter@5fd04b04, org.springframework.security.oauth2.client.web.OAuth2AuthorizationRequestRedirectFilter@3cc35ce2, org.springframework.security.oauth2.client.web.OAuth2LoginAuthenticationFilter@39346a26, org.springframework.security.web.authentication.ui.DefaultLoginPageGeneratingFilter@2c4b5932, org.springframework.security.web.authentication.ui.DefaultLogoutPageGeneratingFilter@1b45e79c, org.springframework.security.web.savedrequest.RequestCacheAwareFilter@d292ccd, org.springframework.security.web.servletapi.SecurityContextHolderAwareRequestFilter@45d13780, org.springframework.security.web.authentication.AnonymousAuthenticationFilter@5e3c1fc9, org.springframework.security.oauth2.client.web.OAuth2AuthorizationCodeGrantFilter@5b057074, org.springframework.security.web.session.SessionManagementFilter@19ded0b7, org.springframework.security.web.access.ExceptionTranslationFilter@233766f8, org.springframework.security.web.access.intercept.FilterSecurityInterceptor@c432676]
2024-04-10 23:04:46.828  INFO 3197 --- [    Test worker] o.s.b.t.m.w.SpringBootMockServletContext : Initializing Spring TestDispatcherServlet ''
2024-04-10 23:04:46.828  INFO 3197 --- [    Test worker] o.s.t.web.servlet.TestDispatcherServlet  : Initializing Servlet ''
2024-04-10 23:04:46.829  INFO 3197 --- [    Test worker] o.s.t.web.servlet.TestDispatcherServlet  : Completed initialization in 0 ms
2024-04-10 23:04:46.843  INFO 3197 --- [    Test worker] c.j.b.s.web.HelloControllerTest          : Started HelloControllerTest in 0.903 seconds (JVM running for 1.38)
]]></system-out>
  <system-err><![CDATA[]]></system-err>
</testsuite>
