<?xml version="1.0" encoding="UTF-8"?>
<testsuite name="com.jojoldu.book.springboot.web.HelloControllerTest" tests="2" skipped="0" failures="0" errors="0" timestamp="2024-03-18T02:16:04" hostname="DESKTOP-G932002" time="0.159">
  <properties/>
  <testcase name="hello가_리턴된다()" classname="com.jojoldu.book.springboot.web.HelloControllerTest" time="0.074"/>
  <testcase name="helloDto가_리턴된다()" classname="com.jojoldu.book.springboot.web.HelloControllerTest" time="0.084"/>
  <system-out><![CDATA[2024-03-18 11:16:03.767  INFO 27684 --- [    Test worker] .b.t.a.w.s.WebMvcTestContextBootstrapper : Neither @ContextConfiguration nor @ContextHierarchy found for test class [com.jojoldu.book.springboot.web.HelloControllerTest], using SpringBootContextLoader
2024-03-18 11:16:03.767  INFO 27684 --- [    Test worker] o.s.t.c.support.AbstractContextLoader    : Could not detect default resource locations for test class [com.jojoldu.book.springboot.web.HelloControllerTest]: no resource found for suffixes {-context.xml, Context.groovy}.
2024-03-18 11:16:03.767  INFO 27684 --- [    Test worker] t.c.s.AnnotationConfigContextLoaderUtils : Could not detect default configuration classes for test class [com.jojoldu.book.springboot.web.HelloControllerTest]: HelloControllerTest does not declare any static, non-private, non-final, nested classes annotated with @Configuration.
2024-03-18 11:16:03.791  INFO 27684 --- [    Test worker] .b.t.c.SpringBootTestContextBootstrapper : Found @SpringBootConfiguration com.jojoldu.book.springboot.Application for test class com.jojoldu.book.springboot.web.HelloControllerTest
2024-03-18 11:16:03.792  INFO 27684 --- [    Test worker] .b.t.a.w.s.WebMvcTestContextBootstrapper : Loaded default TestExecutionListener class names from location [META-INF/spring.factories]: [org.springframework.security.test.context.support.WithSecurityContextTestExecutionListener, org.springframework.security.test.context.support.ReactorContextTestExecutionListener, org.springframework.boot.test.autoconfigure.restdocs.RestDocsTestExecutionListener, org.springframework.boot.test.autoconfigure.web.client.MockRestServiceServerResetTestExecutionListener, org.springframework.boot.test.autoconfigure.web.servlet.MockMvcPrintOnlyOnFailureTestExecutionListener, org.springframework.boot.test.autoconfigure.web.servlet.WebDriverTestExecutionListener, org.springframework.boot.test.autoconfigure.webservices.client.MockWebServiceServerTestExecutionListener, org.springframework.boot.test.mock.mockito.MockitoTestExecutionListener, org.springframework.boot.test.mock.mockito.ResetMocksTestExecutionListener, org.springframework.test.context.web.ServletTestExecutionListener, org.springframework.test.context.support.DirtiesContextBeforeModesTestExecutionListener, org.springframework.test.context.support.DependencyInjectionTestExecutionListener, org.springframework.test.context.support.DirtiesContextTestExecutionListener, org.springframework.test.context.transaction.TransactionalTestExecutionListener, org.springframework.test.context.jdbc.SqlScriptsTestExecutionListener, org.springframework.test.context.event.EventPublishingTestExecutionListener]
2024-03-18 11:16:03.793  INFO 27684 --- [    Test worker] .b.t.a.w.s.WebMvcTestContextBootstrapper : Using TestExecutionListeners: [org.springframework.test.context.web.ServletTestExecutionListener@15826cbd, org.springframework.test.context.support.DirtiesContextBeforeModesTestExecutionListener@5a9139f3, org.springframework.boot.test.mock.mockito.MockitoTestExecutionListener@75e97d8a, org.springframework.boot.test.autoconfigure.SpringBootDependencyInjectionTestExecutionListener@487a9f6a, org.springframework.test.context.support.DirtiesContextTestExecutionListener@4e1bf55c, org.springframework.test.context.transaction.TransactionalTestExecutionListener@1d9613cd, org.springframework.test.context.jdbc.SqlScriptsTestExecutionListener@232d38d8, org.springframework.security.test.context.support.WithSecurityContextTestExecutionListener@3f306218, org.springframework.test.context.event.EventPublishingTestExecutionListener@2e90c1b7, org.springframework.security.test.context.support.ReactorContextTestExecutionListener@335b7d3, org.springframework.boot.test.autoconfigure.restdocs.RestDocsTestExecutionListener@4914b495, org.springframework.boot.test.autoconfigure.web.client.MockRestServiceServerResetTestExecutionListener@75883f0d, org.springframework.boot.test.autoconfigure.web.servlet.MockMvcPrintOnlyOnFailureTestExecutionListener@5dbdc572, org.springframework.boot.test.autoconfigure.web.servlet.WebDriverTestExecutionListener@73186a39, org.springframework.boot.test.autoconfigure.webservices.client.MockWebServiceServerTestExecutionListener@1f44c8d3, org.springframework.boot.test.mock.mockito.ResetMocksTestExecutionListener@2b80fc61]

  .   ____          _            __ _ _
 /\\ / ___'_ __ _ _(_)_ __  __ _ \ \ \ \
( ( )\___ | '_ | '_| | '_ \/ _` | \ \ \ \
 \\/  ___)| |_)| | | | | || (_| |  ) ) ) )
  '  |____| .__|_| |_|_| |_\__, | / / / /
 =========|_|==============|___/=/_/_/_/
 :: Spring Boot ::                (v2.4.1)

2024-03-18 11:16:03.820  INFO 27684 --- [    Test worker] c.j.b.s.web.HelloControllerTest          : Starting HelloControllerTest using Java 11.0.13 on DESKTOP-G932002 with PID 27684 (started by sunguk in C:\Users\sunguk\IdeaProjects\freelec-springboot2-webservice)
2024-03-18 11:16:03.821  INFO 27684 --- [    Test worker] c.j.b.s.web.HelloControllerTest          : No active profile set, falling back to default profiles: default
2024-03-18 11:16:04.162  INFO 27684 --- [    Test worker] o.s.s.concurrent.ThreadPoolTaskExecutor  : Initializing ExecutorService 'applicationTaskExecutor'
2024-03-18 11:16:04.196  INFO 27684 --- [    Test worker] o.s.b.a.w.s.WelcomePageHandlerMapping    : Adding welcome page template: index
2024-03-18 11:16:04.489  INFO 27684 --- [    Test worker] o.s.s.web.DefaultSecurityFilterChain     : Will secure any request with [org.springframework.security.web.context.request.async.WebAsyncManagerIntegrationFilter@7a862b7a, org.springframework.security.web.context.SecurityContextPersistenceFilter@21c6e728, org.springframework.security.web.header.HeaderWriterFilter@1e4d3700, org.springframework.security.web.csrf.CsrfFilter@14a23b46, org.springframework.security.web.authentication.logout.LogoutFilter@7d9b3e36, org.springframework.security.oauth2.client.web.OAuth2AuthorizationRequestRedirectFilter@7f7bf1d3, org.springframework.security.oauth2.client.web.OAuth2AuthorizationRequestRedirectFilter@2c275f8f, org.springframework.security.oauth2.client.web.OAuth2LoginAuthenticationFilter@319e308f, org.springframework.security.web.authentication.ui.DefaultLoginPageGeneratingFilter@76eb0f74, org.springframework.security.web.authentication.ui.DefaultLogoutPageGeneratingFilter@14d160e8, org.springframework.security.web.savedrequest.RequestCacheAwareFilter@38d675a4, org.springframework.security.web.servletapi.SecurityContextHolderAwareRequestFilter@4f54a089, org.springframework.security.web.authentication.AnonymousAuthenticationFilter@6816c746, org.springframework.security.oauth2.client.web.OAuth2AuthorizationCodeGrantFilter@1883b3cb, org.springframework.security.web.session.SessionManagementFilter@2f817074, org.springframework.security.web.access.ExceptionTranslationFilter@1bb0573b, org.springframework.security.web.access.intercept.FilterSecurityInterceptor@6ef59a2c]
2024-03-18 11:16:04.569  INFO 27684 --- [    Test worker] o.s.b.t.m.w.SpringBootMockServletContext : Initializing Spring TestDispatcherServlet ''
2024-03-18 11:16:04.570  INFO 27684 --- [    Test worker] o.s.t.web.servlet.TestDispatcherServlet  : Initializing Servlet ''
2024-03-18 11:16:04.570  INFO 27684 --- [    Test worker] o.s.t.web.servlet.TestDispatcherServlet  : Completed initialization in 0 ms
2024-03-18 11:16:04.584  INFO 27684 --- [    Test worker] c.j.b.s.web.HelloControllerTest          : Started HelloControllerTest in 0.79 seconds (JVM running for 8.014)
]]></system-out>
  <system-err><![CDATA[]]></system-err>
</testsuite>
