<?xml version="1.0" encoding="UTF-8"?>
<testsuite name="com.jojoldu.book.springboot.web.IndexControllerTest" tests="1" skipped="0" failures="0" errors="0" timestamp="2024-03-07T13:40:41" hostname="DESKTOP-G932002" time="0.185">
  <properties/>
  <testcase name="메인페이지_로딩()" classname="com.jojoldu.book.springboot.web.IndexControllerTest" time="0.185"/>
  <system-out><![CDATA[2024-03-07 22:40:39.710  INFO 20256 --- [    Test worker] .b.t.c.SpringBootTestContextBootstrapper : Neither @ContextConfiguration nor @ContextHierarchy found for test class [com.jojoldu.book.springboot.web.IndexControllerTest], using SpringBootContextLoader
2024-03-07 22:40:39.711  INFO 20256 --- [    Test worker] o.s.t.c.support.AbstractContextLoader    : Could not detect default resource locations for test class [com.jojoldu.book.springboot.web.IndexControllerTest]: no resource found for suffixes {-context.xml, Context.groovy}.
2024-03-07 22:40:39.711  INFO 20256 --- [    Test worker] t.c.s.AnnotationConfigContextLoaderUtils : Could not detect default configuration classes for test class [com.jojoldu.book.springboot.web.IndexControllerTest]: IndexControllerTest does not declare any static, non-private, non-final, nested classes annotated with @Configuration.
2024-03-07 22:40:39.713  INFO 20256 --- [    Test worker] .b.t.c.SpringBootTestContextBootstrapper : Found @SpringBootConfiguration com.jojoldu.book.springboot.Application for test class com.jojoldu.book.springboot.web.IndexControllerTest
2024-03-07 22:40:39.715  INFO 20256 --- [    Test worker] .b.t.c.SpringBootTestContextBootstrapper : Loaded default TestExecutionListener class names from location [META-INF/spring.factories]: [org.springframework.security.test.context.support.WithSecurityContextTestExecutionListener, org.springframework.security.test.context.support.ReactorContextTestExecutionListener, org.springframework.boot.test.autoconfigure.restdocs.RestDocsTestExecutionListener, org.springframework.boot.test.autoconfigure.web.client.MockRestServiceServerResetTestExecutionListener, org.springframework.boot.test.autoconfigure.web.servlet.MockMvcPrintOnlyOnFailureTestExecutionListener, org.springframework.boot.test.autoconfigure.web.servlet.WebDriverTestExecutionListener, org.springframework.boot.test.autoconfigure.webservices.client.MockWebServiceServerTestExecutionListener, org.springframework.boot.test.mock.mockito.MockitoTestExecutionListener, org.springframework.boot.test.mock.mockito.ResetMocksTestExecutionListener, org.springframework.test.context.web.ServletTestExecutionListener, org.springframework.test.context.support.DirtiesContextBeforeModesTestExecutionListener, org.springframework.test.context.support.DependencyInjectionTestExecutionListener, org.springframework.test.context.support.DirtiesContextTestExecutionListener, org.springframework.test.context.transaction.TransactionalTestExecutionListener, org.springframework.test.context.jdbc.SqlScriptsTestExecutionListener, org.springframework.test.context.event.EventPublishingTestExecutionListener]
2024-03-07 22:40:39.716  INFO 20256 --- [    Test worker] .b.t.c.SpringBootTestContextBootstrapper : Using TestExecutionListeners: [org.springframework.test.context.web.ServletTestExecutionListener@59afc5e7, org.springframework.test.context.support.DirtiesContextBeforeModesTestExecutionListener@3b09d1c3, org.springframework.boot.test.mock.mockito.MockitoTestExecutionListener@6c443f14, org.springframework.boot.test.autoconfigure.SpringBootDependencyInjectionTestExecutionListener@d9ae7e6, org.springframework.test.context.support.DirtiesContextTestExecutionListener@2a3d8b4f, org.springframework.test.context.transaction.TransactionalTestExecutionListener@5f4fd002, org.springframework.test.context.jdbc.SqlScriptsTestExecutionListener@12bef860, org.springframework.security.test.context.support.WithSecurityContextTestExecutionListener@48418806, org.springframework.test.context.event.EventPublishingTestExecutionListener@e6015b2, org.springframework.security.test.context.support.ReactorContextTestExecutionListener@2f8e1bbc, org.springframework.boot.test.autoconfigure.restdocs.RestDocsTestExecutionListener@4a169bd5, org.springframework.boot.test.autoconfigure.web.client.MockRestServiceServerResetTestExecutionListener@e533b29, org.springframework.boot.test.autoconfigure.web.servlet.MockMvcPrintOnlyOnFailureTestExecutionListener@9062d4, org.springframework.boot.test.autoconfigure.web.servlet.WebDriverTestExecutionListener@5f9cda81, org.springframework.boot.test.autoconfigure.webservices.client.MockWebServiceServerTestExecutionListener@212a3a94, org.springframework.boot.test.mock.mockito.ResetMocksTestExecutionListener@36b7d7eb]

  .   ____          _            __ _ _
 /\\ / ___'_ __ _ _(_)_ __  __ _ \ \ \ \
( ( )\___ | '_ | '_| | '_ \/ _` | \ \ \ \
 \\/  ___)| |_)| | | | | || (_| |  ) ) ) )
  '  |____| .__|_| |_|_| |_\__, | / / / /
 =========|_|==============|___/=/_/_/_/
 :: Spring Boot ::                (v2.4.1)

2024-03-07 22:40:39.745  INFO 20256 --- [    Test worker] c.j.b.s.web.IndexControllerTest          : Starting IndexControllerTest using Java 11.0.13 on DESKTOP-G932002 with PID 20256 (started by sunguk in C:\Users\sunguk\IdeaProjects\freelec-springboot2-webservice)
2024-03-07 22:40:39.746  INFO 20256 --- [    Test worker] c.j.b.s.web.IndexControllerTest          : No active profile set, falling back to default profiles: default
2024-03-07 22:40:39.964  INFO 20256 --- [    Test worker] .s.d.r.c.RepositoryConfigurationDelegate : Bootstrapping Spring Data JPA repositories in DEFAULT mode.
2024-03-07 22:40:39.989  INFO 20256 --- [    Test worker] .s.d.r.c.RepositoryConfigurationDelegate : Finished Spring Data repository scanning in 25 ms. Found 2 JPA repository interfaces.
2024-03-07 22:40:40.287  INFO 20256 --- [    Test worker] o.s.b.w.embedded.tomcat.TomcatWebServer  : Tomcat initialized with port(s): 0 (http)
2024-03-07 22:40:40.300  INFO 20256 --- [    Test worker] o.apache.catalina.core.StandardService   : Starting service [Tomcat]
2024-03-07 22:40:40.300  INFO 20256 --- [    Test worker] org.apache.catalina.core.StandardEngine  : Starting Servlet engine: [Apache Tomcat/9.0.41]
2024-03-07 22:40:40.427  INFO 20256 --- [    Test worker] o.a.c.c.C.[Tomcat].[localhost].[/]       : Initializing Spring embedded WebApplicationContext
2024-03-07 22:40:40.427  INFO 20256 --- [    Test worker] w.s.c.ServletWebServerApplicationContext : Root WebApplicationContext: initialization completed in 677 ms
2024-03-07 22:40:40.459  INFO 20256 --- [    Test worker] com.zaxxer.hikari.HikariDataSource       : HikariPool-2 - Starting...
2024-03-07 22:40:40.460  INFO 20256 --- [    Test worker] com.zaxxer.hikari.HikariDataSource       : HikariPool-2 - Start completed.
2024-03-07 22:40:40.460  INFO 20256 --- [    Test worker] o.s.b.a.h2.H2ConsoleAutoConfiguration    : H2 console available at '/h2-console'. Database available at 'jdbc:h2:mem:testdb'
2024-03-07 22:40:40.576  INFO 20256 --- [    Test worker] o.hibernate.jpa.internal.util.LogHelper  : HHH000204: Processing PersistenceUnitInfo [name: default]
2024-03-07 22:40:40.586  INFO 20256 --- [    Test worker] org.hibernate.dialect.Dialect            : HHH000400: Using dialect: org.hibernate.dialect.MySQL57Dialect
Hibernate: drop table if exists posts
Hibernate: drop table if exists user
Hibernate: create table posts (id bigint not null auto_increment, created_date datetime(6), modified_date datetime(6), author varchar(255), content TEXT not null, title varchar(500) not null, primary key (id)) engine=InnoDB
Hibernate: create table user (id bigint not null auto_increment, created_date datetime(6), modified_date datetime(6), email varchar(255) not null, name varchar(255) not null, picture varchar(255), role varchar(255) not null, primary key (id)) engine=InnoDB
2024-03-07 22:40:40.639  INFO 20256 --- [    Test worker] o.h.e.t.j.p.i.JtaPlatformInitiator       : HHH000490: Using JtaPlatform implementation: [org.hibernate.engine.transaction.jta.platform.internal.NoJtaPlatform]
2024-03-07 22:40:40.639  INFO 20256 --- [    Test worker] j.LocalContainerEntityManagerFactoryBean : Initialized JPA EntityManagerFactory for persistence unit 'default'
2024-03-07 22:40:40.859  WARN 20256 --- [    Test worker] JpaBaseConfiguration$JpaWebConfiguration : spring.jpa.open-in-view is enabled by default. Therefore, database queries may be performed during view rendering. Explicitly configure spring.jpa.open-in-view to disable this warning
2024-03-07 22:40:41.015  INFO 20256 --- [    Test worker] o.s.s.web.DefaultSecurityFilterChain     : Will secure any request with [org.springframework.security.web.context.request.async.WebAsyncManagerIntegrationFilter@1dba146c, org.springframework.security.web.context.SecurityContextPersistenceFilter@26c51d05, org.springframework.security.web.header.HeaderWriterFilter@3378f21e, org.springframework.security.web.authentication.logout.LogoutFilter@599a4898, org.springframework.security.oauth2.client.web.OAuth2AuthorizationRequestRedirectFilter@5d110c7, org.springframework.security.oauth2.client.web.OAuth2LoginAuthenticationFilter@1060698f, org.springframework.security.web.authentication.ui.DefaultLoginPageGeneratingFilter@55ba0f16, org.springframework.security.web.authentication.ui.DefaultLogoutPageGeneratingFilter@a3968f3, org.springframework.security.web.savedrequest.RequestCacheAwareFilter@41386725, org.springframework.security.web.servletapi.SecurityContextHolderAwareRequestFilter@3524851e, org.springframework.security.web.authentication.AnonymousAuthenticationFilter@5e3ac5a0, org.springframework.security.web.session.SessionManagementFilter@206812ce, org.springframework.security.web.access.ExceptionTranslationFilter@17be148c, org.springframework.security.web.access.intercept.FilterSecurityInterceptor@64e81c0d]
2024-03-07 22:40:41.105  INFO 20256 --- [    Test worker] o.s.s.concurrent.ThreadPoolTaskExecutor  : Initializing ExecutorService 'applicationTaskExecutor'
2024-03-07 22:40:41.134  INFO 20256 --- [    Test worker] o.s.b.a.w.s.WelcomePageHandlerMapping    : Adding welcome page template: index
2024-03-07 22:40:41.310  INFO 20256 --- [    Test worker] o.s.b.w.embedded.tomcat.TomcatWebServer  : Tomcat started on port(s): 56083 (http) with context path ''
2024-03-07 22:40:41.312  INFO 20256 --- [    Test worker] s.a.ScheduledAnnotationBeanPostProcessor : No TaskScheduler/ScheduledExecutorService bean found for scheduled processing
2024-03-07 22:40:41.313  INFO 20256 --- [    Test worker] c.j.b.s.web.IndexControllerTest          : Started IndexControllerTest in 1.595 seconds (JVM running for 8.931)
2024-03-07 22:40:41.418  INFO 20256 --- [o-auto-1-exec-1] o.a.c.c.C.[Tomcat].[localhost].[/]       : Initializing Spring DispatcherServlet 'dispatcherServlet'
2024-03-07 22:40:41.419  INFO 20256 --- [o-auto-1-exec-1] o.s.web.servlet.DispatcherServlet        : Initializing Servlet 'dispatcherServlet'
2024-03-07 22:40:41.420  INFO 20256 --- [o-auto-1-exec-1] o.s.web.servlet.DispatcherServlet        : Completed initialization in 1 ms
Hibernate: select posts0_.id as id1_0_, posts0_.created_date as created_2_0_, posts0_.modified_date as modified3_0_, posts0_.author as author4_0_, posts0_.content as content5_0_, posts0_.title as title6_0_ from posts posts0_ order by posts0_.id DESC
]]></system-out>
  <system-err><![CDATA[]]></system-err>
</testsuite>
